0 verbose cli /Users/karthikreddy/.nvm/versions/node/v20.11.1/bin/node /Users/karthikreddy/.nvm/versions/node/v20.11.1/lib/node_modules/npm/bin/npm-cli.js
1 info using npm@10.2.4
2 info using node@v20.11.1
3 timing npm:load:whichnode Completed in 1ms
4 timing config:load:defaults Completed in 1ms
5 timing config:load:file:/Users/karthikreddy/.nvm/versions/node/v20.11.1/lib/node_modules/npm/npmrc Completed in 0ms
6 timing config:load:builtin Completed in 0ms
7 timing config:load:cli Completed in 1ms
8 timing config:load:env Completed in 0ms
9 timing config:load:project Completed in 2ms
10 timing config:load:file:/Users/karthikreddy/Desktop/jiraclone/.npmrc Completed in 0ms
11 timing config:load:user Completed in 0ms
12 timing config:load:file:/Users/karthikreddy/.nvm/versions/node/v20.11.1/etc/npmrc Completed in 0ms
13 timing config:load:global Completed in 0ms
14 timing config:load:setEnvs Completed in 1ms
15 timing config:load Completed in 5ms
16 timing npm:load:configload Completed in 5ms
17 timing config:load:flatten Completed in 1ms
18 timing npm:load:mkdirpcache Completed in 0ms
19 timing npm:load:mkdirplogs Completed in 1ms
20 verbose title npm exec prisma db push
21 verbose argv "exec" "--" "prisma" "db" "push"
22 timing npm:load:setTitle Completed in 6ms
23 timing npm:load:display Completed in 1ms
24 verbose logfile logs-max:10 dir:/Users/karthikreddy/Desktop/jiraclone/.npm/_logs/2026-07-01T05_54_46_419Z-
25 verbose logfile /Users/karthikreddy/Desktop/jiraclone/.npm/_logs/2026-07-01T05_54_46_419Z-debug-0.log
26 timing npm:load:logFile Completed in 4ms
27 timing npm:load:timers Completed in 0ms
28 timing npm:load:configScope Completed in 0ms
29 timing npm:load Completed in 24ms
30 silly logfile done cleaning log files
31 timing command:exec Completed in 347ms
32 verbose exit 1
33 timing npm Completed in 514ms
34 verbose code 1
